<?xml version="1.0" encoding="UTF-8"?>
<!-- Generated by org.testng.reporters.JUnitReportReporter -->
<testsuite hostname="JoyChowdhury" failures="0" tests="1" name="Allurereport.TestAllure.Testcase2" time="0.004" errors="0" timestamp="2024-12-17T14:09:24 IST" skipped="0">
  <testcase classname="Allurereport.TestAllure.Testcase2" name="SecondTestmethod" time="0.004"/>
  <system-out/>
</testsuite> <!-- Allurereport.TestAllure.Testcase2 -->
